c:\users\n_h_g\source\repos\aoc2021\day00\x64\debug\vc143.pdb
c:\users\n_h_g\source\repos\aoc2021\day00\x64\debug\vc143.idb
c:\users\n_h_g\source\repos\aoc2021\day00\x64\debug\input.obj
c:\users\n_h_g\source\repos\aoc2021\day00\x64\debug\read_input.obj
c:\users\n_h_g\source\repos\aoc2021\day00\x64\debug\part_2.obj
c:\users\n_h_g\source\repos\aoc2021\day00\x64\debug\part_1.obj
c:\users\n_h_g\source\repos\aoc2021\day00\x64\debug\main.obj
c:\users\n_h_g\source\repos\aoc2021\day00\x64\debug\day00.ilk
c:\users\n_h_g\source\repos\aoc2021\x64\debug\day00.exe
c:\users\n_h_g\source\repos\aoc2021\x64\debug\day00.pdb
c:\users\n_h_g\source\repos\aoc2021\day00\x64\debug\day00.obj
c:\users\n_h_g\source\repos\aoc2021\day00\x64\debug\day00.tlog\cl.command.1.tlog
c:\users\n_h_g\source\repos\aoc2021\day00\x64\debug\day00.tlog\cl.read.1.tlog
c:\users\n_h_g\source\repos\aoc2021\day00\x64\debug\day00.tlog\cl.write.1.tlog
c:\users\n_h_g\source\repos\aoc2021\day00\x64\debug\day00.tlog\link-cvtres.read.1.tlog
c:\users\n_h_g\source\repos\aoc2021\day00\x64\debug\day00.tlog\link-cvtres.write.1.tlog
c:\users\n_h_g\source\repos\aoc2021\day00\x64\debug\day00.tlog\link-rc.read.1.tlog
c:\users\n_h_g\source\repos\aoc2021\day00\x64\debug\day00.tlog\link-rc.write.1.tlog
c:\users\n_h_g\source\repos\aoc2021\day00\x64\debug\day00.tlog\link.22432-cvtres.read.1.tlog
c:\users\n_h_g\source\repos\aoc2021\day00\x64\debug\day00.tlog\link.22432-cvtres.write.1.tlog
c:\users\n_h_g\source\repos\aoc2021\day00\x64\debug\day00.tlog\link.22432-rc.read.1.tlog
c:\users\n_h_g\source\repos\aoc2021\day00\x64\debug\day00.tlog\link.22432-rc.write.1.tlog
c:\users\n_h_g\source\repos\aoc2021\day00\x64\debug\day00.tlog\link.22432.read.1.tlog
c:\users\n_h_g\source\repos\aoc2021\day00\x64\debug\day00.tlog\link.22432.read.3.tlog
c:\users\n_h_g\source\repos\aoc2021\day00\x64\debug\day00.tlog\link.22432.write.1.tlog
c:\users\n_h_g\source\repos\aoc2021\day00\x64\debug\day00.tlog\link.command.1.tlog
c:\users\n_h_g\source\repos\aoc2021\day00\x64\debug\day00.tlog\link.read.1.tlog
c:\users\n_h_g\source\repos\aoc2021\day00\x64\debug\day00.tlog\link.read.2.tlog
c:\users\n_h_g\source\repos\aoc2021\day00\x64\debug\day00.tlog\link.write.1.tlog
